<?xml version="1.0" encoding="UTF-8"?>
<!-- Generated by org.testng.reporters.JUnitXMLReporter -->
<testsuite ignored="0" hostname="DESKTOP-K7B1IHN" failures="1" tests="4" name="Test" time="22.401" errors="0" timestamp="2022-10-10T14:11:16 IST">
  <testcase classname="com.sauceDemo.Testclass.TC01_VerifyLoginFunctionality" name="verifyLoginFunctionality" time="0.051"/>
  <testcase classname="com.sauceDemo.Testclass.TC02_VerifyLogOutFunctionality" name="verifyLOgOutFunctionality" time="0.679"/>
  <testcase classname="com.sauceDemo.Testclass.TC03_VerifyBagProductFunctionality" name="verifyBagProductFunctionality" time="0.446"/>
  <testcase classname="com.sauceDemo.Testclass.TC04_VerifyAllProductFunctionality" name="verifyAllProductFunctionality" time="0.002">
    <failure type="java.lang.NullPointerException" message="Cannot invoke &amp;quot;org.openqa.selenium.SearchContext.findElement(org.openqa.selenium.By)&amp;quot; because &amp;quot;this.searchContext&amp;quot; is null">
      <![CDATA[java.lang.NullPointerException: Cannot invoke "org.openqa.selenium.SearchContext.findElement(org.openqa.selenium.By)" because "this.searchContext" is null
at org.openqa.selenium.support.pagefactory.DefaultElementLocator.findElement(DefaultElementLocator.java:70)
at org.openqa.selenium.support.pagefactory.internal.LocatingElementHandler.invoke(LocatingElementHandler.java:39)
at jdk.proxy2/jdk.proxy2.$Proxy18.getTagName(Unknown Source)
at org.openqa.selenium.support.ui.Select.<init>(Select.java:46)
at com.sauceDemo.POMclasses.HomePOMclass.<init>(HomePOMclass.java:90)
at com.sauceDemo.Testclass.TC04_VerifyAllProductFunctionality.verifyAllProductFunctionality(TC04_VerifyAllProductFunctionality.java:77)
at java.base/java.util.ArrayList.forEach(ArrayList.java:1511)
... Removed 25 stack frames]]>
    </failure>
  </testcase> <!-- verifyAllProductFunctionality -->
</testsuite> <!-- Test -->
